2021-04-20 04:54:17.4802|DEBUG|Telemetry|14c5ec2e-b44a-49f1-95c4-91fd281f436f|event: ActivityMigration|metrics: {}, properties: {"prevState":"No version","newState":"1","success":"True"}|
2021-04-20 04:54:18.0700|DEBUG|Telemetry|14c5ec2e-b44a-49f1-95c4-91fd281f436f|event: StepInfo|metrics: {}, properties: {"blockType":"Microsoft.DPrep.GetDatastoreFilesBlock","id":"0"}|
2021-04-20 04:54:18.0700|DEBUG|Telemetry|14c5ec2e-b44a-49f1-95c4-91fd281f436f|event: StepInfo|metrics: {}, properties: {"blockType":"Microsoft.DPrep.ExpressionAddColumnBlock","id":"1"}|
2021-04-20 04:54:18.0700|DEBUG|Telemetry|14c5ec2e-b44a-49f1-95c4-91fd281f436f|event: StepInfo|metrics: {}, properties: {"blockType":"Microsoft.DPrep.TakeBlock","id":"2"}|
2021-04-20 04:54:18.0700|DEBUG|Telemetry|14c5ec2e-b44a-49f1-95c4-91fd281f436f|event: StepInfo|metrics: {}, properties: {"blockType":"Microsoft.DPrep.WritePreppyBlock","id":"3"}|
2021-04-20 04:54:20.2675|DEBUG|Telemetry|14c5ec2e-b44a-49f1-95c4-91fd281f436f|event: OperationTry|metrics: {"triesCount":1.0}, properties: {"actionName":"AzureBlob GetReference","success":"False","exceptionId":"StreamAccessException"}|
2021-04-20 04:54:24.3911|DEBUG|Telemetry|11162be4-2d1f-4508-8245-b99e6b1c525b|event: ActivityMigration|metrics: {}, properties: {"prevState":"No version","newState":"1","success":"True"}|
2021-04-20 04:54:25.0635|DEBUG|Telemetry|11162be4-2d1f-4508-8245-b99e6b1c525b|event: StepInfo|metrics: {}, properties: {"blockType":"Microsoft.DPrep.GetDatastoreFilesBlock","id":"0"}|
2021-04-20 04:54:25.0635|DEBUG|Telemetry|11162be4-2d1f-4508-8245-b99e6b1c525b|event: StepInfo|metrics: {}, properties: {"blockType":"Microsoft.DPrep.ExpressionAddColumnBlock","id":"1"}|
2021-04-20 04:54:25.0635|DEBUG|Telemetry|11162be4-2d1f-4508-8245-b99e6b1c525b|event: StepInfo|metrics: {}, properties: {"blockType":"Microsoft.DPrep.ExpressionAddColumnBlock","id":"2"}|
2021-04-20 04:54:25.0635|DEBUG|Telemetry|11162be4-2d1f-4508-8245-b99e6b1c525b|event: StepInfo|metrics: {}, properties: {"blockType":"Microsoft.DPrep.WritePreppyBlock","id":"3"}|
2021-04-20 04:54:25.4199|DEBUG|Telemetry|14c5ec2e-b44a-49f1-95c4-91fd281f436f|event: StepInfo|metrics: {}, properties: {"blockType":"Microsoft.DPrep.GetDatastoreFilesBlock","id":"0"}|
2021-04-20 04:54:25.4199|DEBUG|Telemetry|14c5ec2e-b44a-49f1-95c4-91fd281f436f|event: StepInfo|metrics: {}, properties: {"blockType":"Microsoft.DPrep.TakeBlock","id":"1"}|
2021-04-20 04:54:25.4199|DEBUG|Telemetry|14c5ec2e-b44a-49f1-95c4-91fd281f436f|event: StepInfo|metrics: {}, properties: {"blockType":"Microsoft.DPrep.ExpressionAddColumnBlock","id":"2"}|
2021-04-20 04:54:25.4199|DEBUG|Telemetry|14c5ec2e-b44a-49f1-95c4-91fd281f436f|event: StepInfo|metrics: {}, properties: {"blockType":"Microsoft.DPrep.WritePreppyBlock","id":"3"}|
2021-04-20 04:54:26.0875|DEBUG|Telemetry|14c5ec2e-b44a-49f1-95c4-91fd281f436f|event: OperationTry|metrics: {"triesCount":1.0}, properties: {"actionName":"AzureBlob GetReference","success":"False","exceptionId":"StreamAccessException"}|
2021-04-20 04:54:26.6524|DEBUG|Telemetry|11162be4-2d1f-4508-8245-b99e6b1c525b|event: OperationTry|metrics: {"triesCount":1.0}, properties: {"actionName":"AzureBlob GetReference","success":"False","exceptionId":"StreamAccessException"}|
2021-04-20 04:56:48.4707|DEBUG|Telemetry|11162be4-2d1f-4508-8245-b99e6b1c525b|event: StepInfo|metrics: {}, properties: {"blockType":"Microsoft.DPrep.GetFilesBlock","id":"0"}|
2021-04-20 04:56:48.4707|DEBUG|Telemetry|11162be4-2d1f-4508-8245-b99e6b1c525b|event: StepInfo|metrics: {}, properties: {"blockType":"Microsoft.DPrep.ReadPreppyBlock","id":"1"}|
2021-04-20 04:56:48.4707|DEBUG|Telemetry|11162be4-2d1f-4508-8245-b99e6b1c525b|event: StepInfo|metrics: {}, properties: {"blockType":"Microsoft.DPrep.TakeBlock","id":"2"}|
2021-04-20 04:56:48.4707|DEBUG|Telemetry|11162be4-2d1f-4508-8245-b99e6b1c525b|event: StepInfo|metrics: {}, properties: {"blockType":"Microsoft.DPrep.WritePreppyBlock","id":"3"}|
2021-04-20 04:56:48.5082|DEBUG|Telemetry|11162be4-2d1f-4508-8245-b99e6b1c525b|event: StepInfo|metrics: {}, properties: {"blockType":"Microsoft.DPrep.GetFilesBlock","id":"0"}|
2021-04-20 04:56:48.5082|DEBUG|Telemetry|11162be4-2d1f-4508-8245-b99e6b1c525b|event: StepInfo|metrics: {}, properties: {"blockType":"Microsoft.DPrep.ReadPreppyBlock","id":"1"}|
2021-04-20 04:56:48.5082|DEBUG|Telemetry|11162be4-2d1f-4508-8245-b99e6b1c525b|event: StepInfo|metrics: {}, properties: {"blockType":"Microsoft.DPrep.ExpressionFilterBlock","id":"2"}|
2021-04-20 04:56:48.5082|DEBUG|Telemetry|11162be4-2d1f-4508-8245-b99e6b1c525b|event: StepInfo|metrics: {}, properties: {"blockType":"Microsoft.DPrep.ExpressionAddColumnBlock","id":"3"}|
2021-04-20 04:56:48.5082|DEBUG|Telemetry|11162be4-2d1f-4508-8245-b99e6b1c525b|event: StepInfo|metrics: {}, properties: {"blockType":"Microsoft.DPrep.ExpressionAddColumnBlock","id":"4"}|
2021-04-20 04:56:48.5082|DEBUG|Telemetry|11162be4-2d1f-4508-8245-b99e6b1c525b|event: StepInfo|metrics: {}, properties: {"blockType":"Microsoft.DPrep.ExpressionAddColumnBlock","id":"5"}|
2021-04-20 04:56:48.5082|DEBUG|Telemetry|11162be4-2d1f-4508-8245-b99e6b1c525b|event: StepInfo|metrics: {}, properties: {"blockType":"Microsoft.DPrep.SummarizeBlock","id":"6"}|
2021-04-20 04:56:48.5082|DEBUG|Telemetry|11162be4-2d1f-4508-8245-b99e6b1c525b|event: StepInfo|metrics: {}, properties: {"blockType":"Microsoft.DPrep.SummarizeBlock","id":"7"}|
2021-04-20 04:56:48.5082|DEBUG|Telemetry|11162be4-2d1f-4508-8245-b99e6b1c525b|event: StepInfo|metrics: {}, properties: {"blockType":"Microsoft.DPrep.WritePreppyBlock","id":"8"}|
2021-04-20 04:56:48.5867|DEBUG|Telemetry|11162be4-2d1f-4508-8245-b99e6b1c525b|event: DataSourceGetFiles|metrics: {"size":543684.0}, properties: {"datasourcePath":"D+XkX/cTW59VfiobND376guXEgHjypvWBmZum53aqdM="}|
2021-04-20 04:56:48.6607|DEBUG|Telemetry|11162be4-2d1f-4508-8245-b99e6b1c525b|event: DataSourceGetFiles|metrics: {"size":543684.0}, properties: {"datasourcePath":"D+XkX/cTW59VfiobND376guXEgHjypvWBmZum53aqdM="}|
2021-04-20 04:56:48.7302|DEBUG|Telemetry|11162be4-2d1f-4508-8245-b99e6b1c525b|event: StepInfo|metrics: {}, properties: {"blockType":"Microsoft.DPrep.GetFilesBlock","id":"0"}|
2021-04-20 04:56:48.7302|DEBUG|Telemetry|11162be4-2d1f-4508-8245-b99e6b1c525b|event: StepInfo|metrics: {}, properties: {"blockType":"Microsoft.DPrep.ReadPreppyBlock","id":"1"}|
2021-04-20 04:56:48.7302|DEBUG|Telemetry|11162be4-2d1f-4508-8245-b99e6b1c525b|event: StepInfo|metrics: {}, properties: {"blockType":"Microsoft.DPrep.ExpressionFilterBlock","id":"2"}|
2021-04-20 04:56:48.7302|DEBUG|Telemetry|11162be4-2d1f-4508-8245-b99e6b1c525b|event: StepInfo|metrics: {}, properties: {"blockType":"Microsoft.DPrep.TakeBlock","id":"3"}|
2021-04-20 04:56:48.7302|DEBUG|Telemetry|11162be4-2d1f-4508-8245-b99e6b1c525b|event: StepInfo|metrics: {}, properties: {"blockType":"Microsoft.DPrep.WritePreppyBlock","id":"4"}|
2021-04-20 04:56:48.7385|DEBUG|Telemetry|11162be4-2d1f-4508-8245-b99e6b1c525b|event: DataSourceGetFiles|metrics: {"size":543684.0}, properties: {"datasourcePath":"D+XkX/cTW59VfiobND376guXEgHjypvWBmZum53aqdM="}|
2021-04-20 04:56:48.7465|DEBUG|Telemetry|11162be4-2d1f-4508-8245-b99e6b1c525b|event: DataSourceGetFiles|metrics: {"size":543684.0}, properties: {"datasourcePath":"D+XkX/cTW59VfiobND376guXEgHjypvWBmZum53aqdM="}|
2021-04-20 04:56:48.7745|DEBUG|Telemetry|11162be4-2d1f-4508-8245-b99e6b1c525b|event: DataSourceGetFiles|metrics: {"size":543684.0}, properties: {"datasourcePath":"D+XkX/cTW59VfiobND376guXEgHjypvWBmZum53aqdM="}|
2021-04-20 04:56:48.7866|DEBUG|Telemetry|11162be4-2d1f-4508-8245-b99e6b1c525b|event: StepInfo|metrics: {}, properties: {"blockType":"Microsoft.DPrep.GetFilesBlock","id":"0"}|
2021-04-20 04:56:48.7866|DEBUG|Telemetry|11162be4-2d1f-4508-8245-b99e6b1c525b|event: StepInfo|metrics: {}, properties: {"blockType":"Microsoft.DPrep.ReadPreppyBlock","id":"1"}|
2021-04-20 04:56:48.7866|DEBUG|Telemetry|11162be4-2d1f-4508-8245-b99e6b1c525b|event: StepInfo|metrics: {}, properties: {"blockType":"Microsoft.DPrep.ExpressionFilterBlock","id":"2"}|
2021-04-20 04:56:48.7866|DEBUG|Telemetry|11162be4-2d1f-4508-8245-b99e6b1c525b|event: StepInfo|metrics: {}, properties: {"blockType":"Microsoft.DPrep.ExpressionAddColumnBlock","id":"3"}|
2021-04-20 04:56:48.7866|DEBUG|Telemetry|11162be4-2d1f-4508-8245-b99e6b1c525b|event: StepInfo|metrics: {}, properties: {"blockType":"Microsoft.DPrep.ExpressionAddColumnBlock","id":"4"}|
2021-04-20 04:56:48.7866|DEBUG|Telemetry|11162be4-2d1f-4508-8245-b99e6b1c525b|event: StepInfo|metrics: {}, properties: {"blockType":"Microsoft.DPrep.ExpressionAddColumnBlock","id":"5"}|
2021-04-20 04:56:48.7866|DEBUG|Telemetry|11162be4-2d1f-4508-8245-b99e6b1c525b|event: StepInfo|metrics: {}, properties: {"blockType":"Microsoft.DPrep.SummarizeBlock","id":"6"}|
2021-04-20 04:56:48.7866|DEBUG|Telemetry|11162be4-2d1f-4508-8245-b99e6b1c525b|event: StepInfo|metrics: {}, properties: {"blockType":"Microsoft.DPrep.SummarizeBlock","id":"7"}|
2021-04-20 04:56:48.7866|DEBUG|Telemetry|11162be4-2d1f-4508-8245-b99e6b1c525b|event: StepInfo|metrics: {}, properties: {"blockType":"Microsoft.DPrep.WritePreppyBlock","id":"8"}|
2021-04-20 04:56:48.7866|DEBUG|Telemetry|11162be4-2d1f-4508-8245-b99e6b1c525b|event: DataSourceGetFiles|metrics: {"size":543684.0}, properties: {"datasourcePath":"D+XkX/cTW59VfiobND376guXEgHjypvWBmZum53aqdM="}|
2021-04-20 04:56:48.7900|DEBUG|Telemetry|11162be4-2d1f-4508-8245-b99e6b1c525b|event: DataSourceGetFiles|metrics: {"size":543684.0}, properties: {"datasourcePath":"D+XkX/cTW59VfiobND376guXEgHjypvWBmZum53aqdM="}|
2021-04-20 04:56:48.8296|DEBUG|Telemetry|11162be4-2d1f-4508-8245-b99e6b1c525b|event: StepInfo|metrics: {}, properties: {"blockType":"Microsoft.DPrep.GetFilesBlock","id":"0"}|
2021-04-20 04:56:48.8296|DEBUG|Telemetry|11162be4-2d1f-4508-8245-b99e6b1c525b|event: StepInfo|metrics: {}, properties: {"blockType":"Microsoft.DPrep.ReadPreppyBlock","id":"1"}|
2021-04-20 04:56:48.8296|DEBUG|Telemetry|11162be4-2d1f-4508-8245-b99e6b1c525b|event: StepInfo|metrics: {}, properties: {"blockType":"Microsoft.DPrep.ExpressionFilterBlock","id":"2"}|
2021-04-20 04:56:48.8296|DEBUG|Telemetry|11162be4-2d1f-4508-8245-b99e6b1c525b|event: StepInfo|metrics: {}, properties: {"blockType":"Microsoft.DPrep.ExpressionAddColumnBlock","id":"3"}|
2021-04-20 04:56:48.8296|DEBUG|Telemetry|11162be4-2d1f-4508-8245-b99e6b1c525b|event: StepInfo|metrics: {}, properties: {"blockType":"Microsoft.DPrep.ExpressionAddColumnBlock","id":"4"}|
2021-04-20 04:56:48.8296|DEBUG|Telemetry|11162be4-2d1f-4508-8245-b99e6b1c525b|event: StepInfo|metrics: {}, properties: {"blockType":"Microsoft.DPrep.ExpressionAddColumnBlock","id":"5"}|
2021-04-20 04:56:48.8296|DEBUG|Telemetry|11162be4-2d1f-4508-8245-b99e6b1c525b|event: StepInfo|metrics: {}, properties: {"blockType":"Microsoft.DPrep.SummarizeBlock","id":"6"}|
2021-04-20 04:56:48.8296|DEBUG|Telemetry|11162be4-2d1f-4508-8245-b99e6b1c525b|event: StepInfo|metrics: {}, properties: {"blockType":"Microsoft.DPrep.SummarizeBlock","id":"7"}|
2021-04-20 04:56:48.8296|DEBUG|Telemetry|11162be4-2d1f-4508-8245-b99e6b1c525b|event: StepInfo|metrics: {}, properties: {"blockType":"Microsoft.DPrep.WritePreppyBlock","id":"8"}|
2021-04-20 04:56:48.8304|DEBUG|Telemetry|11162be4-2d1f-4508-8245-b99e6b1c525b|event: DataSourceGetFiles|metrics: {"size":543684.0}, properties: {"datasourcePath":"D+XkX/cTW59VfiobND376guXEgHjypvWBmZum53aqdM="}|
2021-04-20 04:56:48.8304|DEBUG|Telemetry|11162be4-2d1f-4508-8245-b99e6b1c525b|event: DataSourceGetFiles|metrics: {"size":543684.0}, properties: {"datasourcePath":"D+XkX/cTW59VfiobND376guXEgHjypvWBmZum53aqdM="}|
2021-04-20 04:56:48.8356|DEBUG|Telemetry|11162be4-2d1f-4508-8245-b99e6b1c525b|event: StepInfo|metrics: {}, properties: {"blockType":"Microsoft.DPrep.GetFilesBlock","id":"0"}|
2021-04-20 04:56:48.8356|DEBUG|Telemetry|11162be4-2d1f-4508-8245-b99e6b1c525b|event: StepInfo|metrics: {}, properties: {"blockType":"Microsoft.DPrep.ReadPreppyBlock","id":"1"}|
2021-04-20 04:56:48.8356|DEBUG|Telemetry|11162be4-2d1f-4508-8245-b99e6b1c525b|event: StepInfo|metrics: {}, properties: {"blockType":"Microsoft.DPrep.ExpressionFilterBlock","id":"2"}|
2021-04-20 04:56:48.8356|DEBUG|Telemetry|11162be4-2d1f-4508-8245-b99e6b1c525b|event: StepInfo|metrics: {}, properties: {"blockType":"Microsoft.DPrep.ExpressionAddColumnBlock","id":"3"}|
2021-04-20 04:56:48.8356|DEBUG|Telemetry|11162be4-2d1f-4508-8245-b99e6b1c525b|event: StepInfo|metrics: {}, properties: {"blockType":"Microsoft.DPrep.ExpressionAddColumnBlock","id":"4"}|
2021-04-20 04:56:48.8356|DEBUG|Telemetry|11162be4-2d1f-4508-8245-b99e6b1c525b|event: StepInfo|metrics: {}, properties: {"blockType":"Microsoft.DPrep.ExpressionAddColumnBlock","id":"5"}|
2021-04-20 04:56:48.8356|DEBUG|Telemetry|11162be4-2d1f-4508-8245-b99e6b1c525b|event: StepInfo|metrics: {}, properties: {"blockType":"Microsoft.DPrep.SummarizeBlock","id":"6"}|
2021-04-20 04:56:48.8356|DEBUG|Telemetry|11162be4-2d1f-4508-8245-b99e6b1c525b|event: StepInfo|metrics: {}, properties: {"blockType":"Microsoft.DPrep.SummarizeBlock","id":"7"}|
2021-04-20 04:56:48.8356|DEBUG|Telemetry|11162be4-2d1f-4508-8245-b99e6b1c525b|event: StepInfo|metrics: {}, properties: {"blockType":"Microsoft.DPrep.WritePreppyBlock","id":"8"}|
2021-04-20 04:56:48.8381|DEBUG|Telemetry|11162be4-2d1f-4508-8245-b99e6b1c525b|event: StepInfo|metrics: {}, properties: {"blockType":"Microsoft.DPrep.GetFilesBlock","id":"0"}|
2021-04-20 04:56:48.8381|DEBUG|Telemetry|11162be4-2d1f-4508-8245-b99e6b1c525b|event: StepInfo|metrics: {}, properties: {"blockType":"Microsoft.DPrep.ReadPreppyBlock","id":"1"}|
2021-04-20 04:56:48.8381|DEBUG|Telemetry|11162be4-2d1f-4508-8245-b99e6b1c525b|event: StepInfo|metrics: {}, properties: {"blockType":"Microsoft.DPrep.ExpressionFilterBlock","id":"2"}|
2021-04-20 04:56:48.8381|DEBUG|Telemetry|11162be4-2d1f-4508-8245-b99e6b1c525b|event: StepInfo|metrics: {}, properties: {"blockType":"Microsoft.DPrep.ExpressionAddColumnBlock","id":"3"}|
2021-04-20 04:56:48.8381|DEBUG|Telemetry|11162be4-2d1f-4508-8245-b99e6b1c525b|event: StepInfo|metrics: {}, properties: {"blockType":"Microsoft.DPrep.ExpressionAddColumnBlock","id":"4"}|
2021-04-20 04:56:48.8381|DEBUG|Telemetry|11162be4-2d1f-4508-8245-b99e6b1c525b|event: StepInfo|metrics: {}, properties: {"blockType":"Microsoft.DPrep.ExpressionAddColumnBlock","id":"5"}|
2021-04-20 04:56:48.8381|DEBUG|Telemetry|11162be4-2d1f-4508-8245-b99e6b1c525b|event: StepInfo|metrics: {}, properties: {"blockType":"Microsoft.DPrep.SummarizeBlock","id":"6"}|
2021-04-20 04:56:48.8381|DEBUG|Telemetry|11162be4-2d1f-4508-8245-b99e6b1c525b|event: StepInfo|metrics: {}, properties: {"blockType":"Microsoft.DPrep.SummarizeBlock","id":"7"}|
2021-04-20 04:56:48.8381|DEBUG|Telemetry|11162be4-2d1f-4508-8245-b99e6b1c525b|event: StepInfo|metrics: {}, properties: {"blockType":"Microsoft.DPrep.WritePreppyBlock","id":"8"}|
2021-04-20 04:56:48.8381|DEBUG|Telemetry|11162be4-2d1f-4508-8245-b99e6b1c525b|event: DataSourceGetFiles|metrics: {"size":543684.0}, properties: {"datasourcePath":"D+XkX/cTW59VfiobND376guXEgHjypvWBmZum53aqdM="}|
2021-04-20 04:56:48.8381|DEBUG|Telemetry|11162be4-2d1f-4508-8245-b99e6b1c525b|event: StepInfo|metrics: {}, properties: {"blockType":"Microsoft.DPrep.GetFilesBlock","id":"0"}|
2021-04-20 04:56:48.8381|DEBUG|Telemetry|11162be4-2d1f-4508-8245-b99e6b1c525b|event: StepInfo|metrics: {}, properties: {"blockType":"Microsoft.DPrep.ReadPreppyBlock","id":"1"}|
2021-04-20 04:56:48.8381|DEBUG|Telemetry|11162be4-2d1f-4508-8245-b99e6b1c525b|event: StepInfo|metrics: {}, properties: {"blockType":"Microsoft.DPrep.ExpressionFilterBlock","id":"2"}|
2021-04-20 04:56:48.8381|DEBUG|Telemetry|11162be4-2d1f-4508-8245-b99e6b1c525b|event: StepInfo|metrics: {}, properties: {"blockType":"Microsoft.DPrep.ExpressionAddColumnBlock","id":"3"}|
2021-04-20 04:56:48.8381|DEBUG|Telemetry|11162be4-2d1f-4508-8245-b99e6b1c525b|event: StepInfo|metrics: {}, properties: {"blockType":"Microsoft.DPrep.ExpressionAddColumnBlock","id":"4"}|
2021-04-20 04:56:48.8381|DEBUG|Telemetry|11162be4-2d1f-4508-8245-b99e6b1c525b|event: StepInfo|metrics: {}, properties: {"blockType":"Microsoft.DPrep.ExpressionAddColumnBlock","id":"5"}|
2021-04-20 04:56:48.8381|DEBUG|Telemetry|11162be4-2d1f-4508-8245-b99e6b1c525b|event: StepInfo|metrics: {}, properties: {"blockType":"Microsoft.DPrep.SummarizeBlock","id":"6"}|
2021-04-20 04:56:48.8381|DEBUG|Telemetry|11162be4-2d1f-4508-8245-b99e6b1c525b|event: StepInfo|metrics: {}, properties: {"blockType":"Microsoft.DPrep.SummarizeBlock","id":"7"}|
2021-04-20 04:56:48.8381|DEBUG|Telemetry|11162be4-2d1f-4508-8245-b99e6b1c525b|event: StepInfo|metrics: {}, properties: {"blockType":"Microsoft.DPrep.WritePreppyBlock","id":"8"}|
2021-04-20 04:56:48.8381|DEBUG|Telemetry|11162be4-2d1f-4508-8245-b99e6b1c525b|event: DataSourceGetFiles|metrics: {"size":543684.0}, properties: {"datasourcePath":"D+XkX/cTW59VfiobND376guXEgHjypvWBmZum53aqdM="}|
2021-04-20 04:56:48.8420|DEBUG|Telemetry|11162be4-2d1f-4508-8245-b99e6b1c525b|event: DataSourceGetFiles|metrics: {"size":543684.0}, properties: {"datasourcePath":"D+XkX/cTW59VfiobND376guXEgHjypvWBmZum53aqdM="}|
2021-04-20 04:56:48.8420|DEBUG|Telemetry|11162be4-2d1f-4508-8245-b99e6b1c525b|event: StepInfo|metrics: {}, properties: {"blockType":"Microsoft.DPrep.GetFilesBlock","id":"0"}|
2021-04-20 04:56:48.8420|DEBUG|Telemetry|11162be4-2d1f-4508-8245-b99e6b1c525b|event: StepInfo|metrics: {}, properties: {"blockType":"Microsoft.DPrep.ReadPreppyBlock","id":"1"}|
2021-04-20 04:56:48.8420|DEBUG|Telemetry|11162be4-2d1f-4508-8245-b99e6b1c525b|event: StepInfo|metrics: {}, properties: {"blockType":"Microsoft.DPrep.ExpressionFilterBlock","id":"2"}|
2021-04-20 04:56:48.8420|DEBUG|Telemetry|11162be4-2d1f-4508-8245-b99e6b1c525b|event: StepInfo|metrics: {}, properties: {"blockType":"Microsoft.DPrep.ExpressionAddColumnBlock","id":"3"}|
2021-04-20 04:56:48.8420|DEBUG|Telemetry|11162be4-2d1f-4508-8245-b99e6b1c525b|event: StepInfo|metrics: {}, properties: {"blockType":"Microsoft.DPrep.ExpressionAddColumnBlock","id":"4"}|
2021-04-20 04:56:48.8420|DEBUG|Telemetry|11162be4-2d1f-4508-8245-b99e6b1c525b|event: StepInfo|metrics: {}, properties: {"blockType":"Microsoft.DPrep.ExpressionAddColumnBlock","id":"5"}|
2021-04-20 04:56:48.8420|DEBUG|Telemetry|11162be4-2d1f-4508-8245-b99e6b1c525b|event: StepInfo|metrics: {}, properties: {"blockType":"Microsoft.DPrep.SummarizeBlock","id":"6"}|
2021-04-20 04:56:48.8420|DEBUG|Telemetry|11162be4-2d1f-4508-8245-b99e6b1c525b|event: StepInfo|metrics: {}, properties: {"blockType":"Microsoft.DPrep.SummarizeBlock","id":"7"}|
2021-04-20 04:56:48.8420|DEBUG|Telemetry|11162be4-2d1f-4508-8245-b99e6b1c525b|event: StepInfo|metrics: {}, properties: {"blockType":"Microsoft.DPrep.WritePreppyBlock","id":"8"}|
2021-04-20 04:56:48.8420|DEBUG|Telemetry|11162be4-2d1f-4508-8245-b99e6b1c525b|event: StepInfo|metrics: {}, properties: {"blockType":"Microsoft.DPrep.GetFilesBlock","id":"0"}|
2021-04-20 04:56:48.8420|DEBUG|Telemetry|11162be4-2d1f-4508-8245-b99e6b1c525b|event: StepInfo|metrics: {}, properties: {"blockType":"Microsoft.DPrep.ReadPreppyBlock","id":"1"}|
2021-04-20 04:56:48.8420|DEBUG|Telemetry|11162be4-2d1f-4508-8245-b99e6b1c525b|event: StepInfo|metrics: {}, properties: {"blockType":"Microsoft.DPrep.ExpressionFilterBlock","id":"2"}|
2021-04-20 04:56:48.8420|DEBUG|Telemetry|11162be4-2d1f-4508-8245-b99e6b1c525b|event: StepInfo|metrics: {}, properties: {"blockType":"Microsoft.DPrep.ExpressionAddColumnBlock","id":"3"}|
2021-04-20 04:56:48.8420|DEBUG|Telemetry|11162be4-2d1f-4508-8245-b99e6b1c525b|event: StepInfo|metrics: {}, properties: {"blockType":"Microsoft.DPrep.ExpressionAddColumnBlock","id":"4"}|
2021-04-20 04:56:48.8420|DEBUG|Telemetry|11162be4-2d1f-4508-8245-b99e6b1c525b|event: StepInfo|metrics: {}, properties: {"blockType":"Microsoft.DPrep.ExpressionAddColumnBlock","id":"5"}|
2021-04-20 04:56:48.8420|DEBUG|Telemetry|11162be4-2d1f-4508-8245-b99e6b1c525b|event: StepInfo|metrics: {}, properties: {"blockType":"Microsoft.DPrep.SummarizeBlock","id":"6"}|
2021-04-20 04:56:48.8420|DEBUG|Telemetry|11162be4-2d1f-4508-8245-b99e6b1c525b|event: StepInfo|metrics: {}, properties: {"blockType":"Microsoft.DPrep.SummarizeBlock","id":"7"}|
2021-04-20 04:56:48.8420|DEBUG|Telemetry|11162be4-2d1f-4508-8245-b99e6b1c525b|event: StepInfo|metrics: {}, properties: {"blockType":"Microsoft.DPrep.WritePreppyBlock","id":"8"}|
2021-04-20 04:56:48.8461|DEBUG|Telemetry|11162be4-2d1f-4508-8245-b99e6b1c525b|event: DataSourceGetFiles|metrics: {"size":543684.0}, properties: {"datasourcePath":"D+XkX/cTW59VfiobND376guXEgHjypvWBmZum53aqdM="}|
2021-04-20 04:56:48.8461|DEBUG|Telemetry|11162be4-2d1f-4508-8245-b99e6b1c525b|event: DataSourceGetFiles|metrics: {"size":543684.0}, properties: {"datasourcePath":"D+XkX/cTW59VfiobND376guXEgHjypvWBmZum53aqdM="}|
2021-04-20 04:56:48.8518|DEBUG|Telemetry|11162be4-2d1f-4508-8245-b99e6b1c525b|event: DataSourceGetFiles|metrics: {"size":543684.0}, properties: {"datasourcePath":"D+XkX/cTW59VfiobND376guXEgHjypvWBmZum53aqdM="}|
2021-04-20 04:56:48.8661|DEBUG|Telemetry|11162be4-2d1f-4508-8245-b99e6b1c525b|event: DataSourceGetFiles|metrics: {"size":543684.0}, properties: {"datasourcePath":"D+XkX/cTW59VfiobND376guXEgHjypvWBmZum53aqdM="}|
2021-04-20 04:56:48.8661|DEBUG|Telemetry|11162be4-2d1f-4508-8245-b99e6b1c525b|event: DataSourceGetFiles|metrics: {"size":543684.0}, properties: {"datasourcePath":"D+XkX/cTW59VfiobND376guXEgHjypvWBmZum53aqdM="}|
2021-04-20 04:56:48.8927|DEBUG|Telemetry|11162be4-2d1f-4508-8245-b99e6b1c525b|event: DataSourceGetFiles|metrics: {"size":543684.0}, properties: {"datasourcePath":"D+XkX/cTW59VfiobND376guXEgHjypvWBmZum53aqdM="}|
2021-04-20 04:56:48.8998|DEBUG|Telemetry|11162be4-2d1f-4508-8245-b99e6b1c525b|event: DataSourceGetFiles|metrics: {"size":543684.0}, properties: {"datasourcePath":"D+XkX/cTW59VfiobND376guXEgHjypvWBmZum53aqdM="}|
2021-04-20 04:56:49.5204|DEBUG|Telemetry|11162be4-2d1f-4508-8245-b99e6b1c525b|event: StepInfo|metrics: {}, properties: {"blockType":"Microsoft.DPrep.GetFilesBlock","id":"0"}|
2021-04-20 04:56:49.5204|DEBUG|Telemetry|11162be4-2d1f-4508-8245-b99e6b1c525b|event: StepInfo|metrics: {}, properties: {"blockType":"Microsoft.DPrep.ReadPreppyBlock","id":"1"}|
2021-04-20 04:56:49.5204|DEBUG|Telemetry|11162be4-2d1f-4508-8245-b99e6b1c525b|event: StepInfo|metrics: {}, properties: {"blockType":"Microsoft.DPrep.ExpressionFilterBlock","id":"2"}|
2021-04-20 04:56:49.5204|DEBUG|Telemetry|11162be4-2d1f-4508-8245-b99e6b1c525b|event: StepInfo|metrics: {}, properties: {"blockType":"Microsoft.DPrep.ExpressionAddColumnBlock","id":"3"}|
2021-04-20 04:56:49.5204|DEBUG|Telemetry|11162be4-2d1f-4508-8245-b99e6b1c525b|event: StepInfo|metrics: {}, properties: {"blockType":"Microsoft.DPrep.ExpressionAddColumnBlock","id":"4"}|
2021-04-20 04:56:49.5204|DEBUG|Telemetry|11162be4-2d1f-4508-8245-b99e6b1c525b|event: StepInfo|metrics: {}, properties: {"blockType":"Microsoft.DPrep.ExpressionAddColumnBlock","id":"5"}|
2021-04-20 04:56:49.5204|DEBUG|Telemetry|11162be4-2d1f-4508-8245-b99e6b1c525b|event: StepInfo|metrics: {}, properties: {"blockType":"Microsoft.DPrep.SummarizeBlock","id":"6"}|
2021-04-20 04:56:49.5204|DEBUG|Telemetry|11162be4-2d1f-4508-8245-b99e6b1c525b|event: StepInfo|metrics: {}, properties: {"blockType":"Microsoft.DPrep.SummarizeBlock","id":"7"}|
2021-04-20 04:56:49.5204|DEBUG|Telemetry|11162be4-2d1f-4508-8245-b99e6b1c525b|event: StepInfo|metrics: {}, properties: {"blockType":"Microsoft.DPrep.WritePreppyBlock","id":"8"}|
2021-04-20 04:56:49.5230|DEBUG|Telemetry|11162be4-2d1f-4508-8245-b99e6b1c525b|event: DataSourceGetFiles|metrics: {"size":543684.0}, properties: {"datasourcePath":"D+XkX/cTW59VfiobND376guXEgHjypvWBmZum53aqdM="}|
2021-04-20 04:56:49.5273|DEBUG|Telemetry|11162be4-2d1f-4508-8245-b99e6b1c525b|event: DataSourceGetFiles|metrics: {"size":543684.0}, properties: {"datasourcePath":"D+XkX/cTW59VfiobND376guXEgHjypvWBmZum53aqdM="}|
2021-04-20 04:56:49.5751|DEBUG|Telemetry|11162be4-2d1f-4508-8245-b99e6b1c525b|event: StepInfo|metrics: {}, properties: {"blockType":"Microsoft.DPrep.GetFilesBlock","id":"0"}|
2021-04-20 04:56:49.5751|DEBUG|Telemetry|11162be4-2d1f-4508-8245-b99e6b1c525b|event: StepInfo|metrics: {}, properties: {"blockType":"Microsoft.DPrep.ReadPreppyBlock","id":"1"}|
2021-04-20 04:56:49.5751|DEBUG|Telemetry|11162be4-2d1f-4508-8245-b99e6b1c525b|event: StepInfo|metrics: {}, properties: {"blockType":"Microsoft.DPrep.ExpressionFilterBlock","id":"2"}|
2021-04-20 04:56:49.5751|DEBUG|Telemetry|11162be4-2d1f-4508-8245-b99e6b1c525b|event: StepInfo|metrics: {}, properties: {"blockType":"Microsoft.DPrep.ExpressionAddColumnBlock","id":"3"}|
2021-04-20 04:56:49.5751|DEBUG|Telemetry|11162be4-2d1f-4508-8245-b99e6b1c525b|event: StepInfo|metrics: {}, properties: {"blockType":"Microsoft.DPrep.ExpressionAddColumnBlock","id":"4"}|
2021-04-20 04:56:49.5751|DEBUG|Telemetry|11162be4-2d1f-4508-8245-b99e6b1c525b|event: StepInfo|metrics: {}, properties: {"blockType":"Microsoft.DPrep.ExpressionAddColumnBlock","id":"5"}|
2021-04-20 04:56:49.5751|DEBUG|Telemetry|11162be4-2d1f-4508-8245-b99e6b1c525b|event: StepInfo|metrics: {}, properties: {"blockType":"Microsoft.DPrep.SummarizeBlock","id":"6"}|
2021-04-20 04:56:49.5751|DEBUG|Telemetry|11162be4-2d1f-4508-8245-b99e6b1c525b|event: StepInfo|metrics: {}, properties: {"blockType":"Microsoft.DPrep.SummarizeBlock","id":"7"}|
2021-04-20 04:56:49.5751|DEBUG|Telemetry|11162be4-2d1f-4508-8245-b99e6b1c525b|event: StepInfo|metrics: {}, properties: {"blockType":"Microsoft.DPrep.WritePreppyBlock","id":"8"}|
2021-04-20 04:56:49.5751|DEBUG|Telemetry|11162be4-2d1f-4508-8245-b99e6b1c525b|event: StepInfo|metrics: {}, properties: {"blockType":"Microsoft.DPrep.GetFilesBlock","id":"0"}|
2021-04-20 04:56:49.5751|DEBUG|Telemetry|11162be4-2d1f-4508-8245-b99e6b1c525b|event: StepInfo|metrics: {}, properties: {"blockType":"Microsoft.DPrep.ReadPreppyBlock","id":"1"}|
2021-04-20 04:56:49.5751|DEBUG|Telemetry|11162be4-2d1f-4508-8245-b99e6b1c525b|event: StepInfo|metrics: {}, properties: {"blockType":"Microsoft.DPrep.ExpressionFilterBlock","id":"2"}|
2021-04-20 04:56:49.5751|DEBUG|Telemetry|11162be4-2d1f-4508-8245-b99e6b1c525b|event: StepInfo|metrics: {}, properties: {"blockType":"Microsoft.DPrep.ExpressionAddColumnBlock","id":"3"}|
2021-04-20 04:56:49.5751|DEBUG|Telemetry|11162be4-2d1f-4508-8245-b99e6b1c525b|event: StepInfo|metrics: {}, properties: {"blockType":"Microsoft.DPrep.ExpressionAddColumnBlock","id":"4"}|
2021-04-20 04:56:49.5751|DEBUG|Telemetry|11162be4-2d1f-4508-8245-b99e6b1c525b|event: StepInfo|metrics: {}, properties: {"blockType":"Microsoft.DPrep.ExpressionAddColumnBlock","id":"5"}|
2021-04-20 04:56:49.5751|DEBUG|Telemetry|11162be4-2d1f-4508-8245-b99e6b1c525b|event: StepInfo|metrics: {}, properties: {"blockType":"Microsoft.DPrep.SummarizeBlock","id":"6"}|
2021-04-20 04:56:49.5751|DEBUG|Telemetry|11162be4-2d1f-4508-8245-b99e6b1c525b|event: StepInfo|metrics: {}, properties: {"blockType":"Microsoft.DPrep.SummarizeBlock","id":"7"}|
2021-04-20 04:56:49.5751|DEBUG|Telemetry|11162be4-2d1f-4508-8245-b99e6b1c525b|event: StepInfo|metrics: {}, properties: {"blockType":"Microsoft.DPrep.WritePreppyBlock","id":"8"}|
2021-04-20 04:56:49.5781|DEBUG|Telemetry|11162be4-2d1f-4508-8245-b99e6b1c525b|event: DataSourceGetFiles|metrics: {"size":543684.0}, properties: {"datasourcePath":"D+XkX/cTW59VfiobND376guXEgHjypvWBmZum53aqdM="}|
2021-04-20 04:56:49.5781|DEBUG|Telemetry|11162be4-2d1f-4508-8245-b99e6b1c525b|event: StepInfo|metrics: {}, properties: {"blockType":"Microsoft.DPrep.GetFilesBlock","id":"0"}|
2021-04-20 04:56:49.5781|DEBUG|Telemetry|11162be4-2d1f-4508-8245-b99e6b1c525b|event: StepInfo|metrics: {}, properties: {"blockType":"Microsoft.DPrep.ReadPreppyBlock","id":"1"}|
2021-04-20 04:56:49.5781|DEBUG|Telemetry|11162be4-2d1f-4508-8245-b99e6b1c525b|event: StepInfo|metrics: {}, properties: {"blockType":"Microsoft.DPrep.ExpressionFilterBlock","id":"2"}|
2021-04-20 04:56:49.5781|DEBUG|Telemetry|11162be4-2d1f-4508-8245-b99e6b1c525b|event: StepInfo|metrics: {}, properties: {"blockType":"Microsoft.DPrep.ExpressionAddColumnBlock","id":"3"}|
2021-04-20 04:56:49.5781|DEBUG|Telemetry|11162be4-2d1f-4508-8245-b99e6b1c525b|event: StepInfo|metrics: {}, properties: {"blockType":"Microsoft.DPrep.ExpressionAddColumnBlock","id":"4"}|
2021-04-20 04:56:49.5781|DEBUG|Telemetry|11162be4-2d1f-4508-8245-b99e6b1c525b|event: StepInfo|metrics: {}, properties: {"blockType":"Microsoft.DPrep.ExpressionAddColumnBlock","id":"5"}|
2021-04-20 04:56:49.5781|DEBUG|Telemetry|11162be4-2d1f-4508-8245-b99e6b1c525b|event: StepInfo|metrics: {}, properties: {"blockType":"Microsoft.DPrep.SummarizeBlock","id":"6"}|
2021-04-20 04:56:49.5781|DEBUG|Telemetry|11162be4-2d1f-4508-8245-b99e6b1c525b|event: StepInfo|metrics: {}, properties: {"blockType":"Microsoft.DPrep.SummarizeBlock","id":"7"}|
2021-04-20 04:56:49.5781|DEBUG|Telemetry|11162be4-2d1f-4508-8245-b99e6b1c525b|event: StepInfo|metrics: {}, properties: {"blockType":"Microsoft.DPrep.WritePreppyBlock","id":"8"}|
2021-04-20 04:56:49.5781|DEBUG|Telemetry|11162be4-2d1f-4508-8245-b99e6b1c525b|event: DataSourceGetFiles|metrics: {"size":543684.0}, properties: {"datasourcePath":"D+XkX/cTW59VfiobND376guXEgHjypvWBmZum53aqdM="}|
2021-04-20 04:56:49.5781|DEBUG|Telemetry|11162be4-2d1f-4508-8245-b99e6b1c525b|event: DataSourceGetFiles|metrics: {"size":543684.0}, properties: {"datasourcePath":"D+XkX/cTW59VfiobND376guXEgHjypvWBmZum53aqdM="}|
2021-04-20 04:56:49.5821|DEBUG|Telemetry|11162be4-2d1f-4508-8245-b99e6b1c525b|event: DataSourceGetFiles|metrics: {"size":543684.0}, properties: {"datasourcePath":"D+XkX/cTW59VfiobND376guXEgHjypvWBmZum53aqdM="}|
2021-04-20 04:56:49.5821|DEBUG|Telemetry|11162be4-2d1f-4508-8245-b99e6b1c525b|event: StepInfo|metrics: {}, properties: {"blockType":"Microsoft.DPrep.GetFilesBlock","id":"0"}|
2021-04-20 04:56:49.5821|DEBUG|Telemetry|11162be4-2d1f-4508-8245-b99e6b1c525b|event: StepInfo|metrics: {}, properties: {"blockType":"Microsoft.DPrep.ReadPreppyBlock","id":"1"}|
2021-04-20 04:56:49.5821|DEBUG|Telemetry|11162be4-2d1f-4508-8245-b99e6b1c525b|event: StepInfo|metrics: {}, properties: {"blockType":"Microsoft.DPrep.ExpressionFilterBlock","id":"2"}|
2021-04-20 04:56:49.5821|DEBUG|Telemetry|11162be4-2d1f-4508-8245-b99e6b1c525b|event: StepInfo|metrics: {}, properties: {"blockType":"Microsoft.DPrep.ExpressionAddColumnBlock","id":"3"}|
2021-04-20 04:56:49.5821|DEBUG|Telemetry|11162be4-2d1f-4508-8245-b99e6b1c525b|event: StepInfo|metrics: {}, properties: {"blockType":"Microsoft.DPrep.ExpressionAddColumnBlock","id":"4"}|
2021-04-20 04:56:49.5821|DEBUG|Telemetry|11162be4-2d1f-4508-8245-b99e6b1c525b|event: StepInfo|metrics: {}, properties: {"blockType":"Microsoft.DPrep.ExpressionAddColumnBlock","id":"5"}|
2021-04-20 04:56:49.5821|DEBUG|Telemetry|11162be4-2d1f-4508-8245-b99e6b1c525b|event: StepInfo|metrics: {}, properties: {"blockType":"Microsoft.DPrep.SummarizeBlock","id":"6"}|
2021-04-20 04:56:49.5821|DEBUG|Telemetry|11162be4-2d1f-4508-8245-b99e6b1c525b|event: StepInfo|metrics: {}, properties: {"blockType":"Microsoft.DPrep.SummarizeBlock","id":"7"}|
2021-04-20 04:56:49.5821|DEBUG|Telemetry|11162be4-2d1f-4508-8245-b99e6b1c525b|event: StepInfo|metrics: {}, properties: {"blockType":"Microsoft.DPrep.WritePreppyBlock","id":"8"}|
2021-04-20 04:56:49.5821|DEBUG|Telemetry|11162be4-2d1f-4508-8245-b99e6b1c525b|event: DataSourceGetFiles|metrics: {"size":543684.0}, properties: {"datasourcePath":"D+XkX/cTW59VfiobND376guXEgHjypvWBmZum53aqdM="}|
2021-04-20 04:56:49.5821|DEBUG|Telemetry|11162be4-2d1f-4508-8245-b99e6b1c525b|event: DataSourceGetFiles|metrics: {"size":543684.0}, properties: {"datasourcePath":"D+XkX/cTW59VfiobND376guXEgHjypvWBmZum53aqdM="}|
2021-04-20 04:56:49.5821|DEBUG|Telemetry|11162be4-2d1f-4508-8245-b99e6b1c525b|event: StepInfo|metrics: {}, properties: {"blockType":"Microsoft.DPrep.GetFilesBlock","id":"0"}|
2021-04-20 04:56:49.5821|DEBUG|Telemetry|11162be4-2d1f-4508-8245-b99e6b1c525b|event: StepInfo|metrics: {}, properties: {"blockType":"Microsoft.DPrep.ReadPreppyBlock","id":"1"}|
2021-04-20 04:56:49.5821|DEBUG|Telemetry|11162be4-2d1f-4508-8245-b99e6b1c525b|event: StepInfo|metrics: {}, properties: {"blockType":"Microsoft.DPrep.ExpressionFilterBlock","id":"2"}|
2021-04-20 04:56:49.5821|DEBUG|Telemetry|11162be4-2d1f-4508-8245-b99e6b1c525b|event: StepInfo|metrics: {}, properties: {"blockType":"Microsoft.DPrep.ExpressionAddColumnBlock","id":"3"}|
2021-04-20 04:56:49.5821|DEBUG|Telemetry|11162be4-2d1f-4508-8245-b99e6b1c525b|event: StepInfo|metrics: {}, properties: {"blockType":"Microsoft.DPrep.ExpressionAddColumnBlock","id":"4"}|
2021-04-20 04:56:49.5821|DEBUG|Telemetry|11162be4-2d1f-4508-8245-b99e6b1c525b|event: StepInfo|metrics: {}, properties: {"blockType":"Microsoft.DPrep.ExpressionAddColumnBlock","id":"5"}|
2021-04-20 04:56:49.5821|DEBUG|Telemetry|11162be4-2d1f-4508-8245-b99e6b1c525b|event: StepInfo|metrics: {}, properties: {"blockType":"Microsoft.DPrep.SummarizeBlock","id":"6"}|
2021-04-20 04:56:49.5821|DEBUG|Telemetry|11162be4-2d1f-4508-8245-b99e6b1c525b|event: StepInfo|metrics: {}, properties: {"blockType":"Microsoft.DPrep.SummarizeBlock","id":"7"}|
2021-04-20 04:56:49.5821|DEBUG|Telemetry|11162be4-2d1f-4508-8245-b99e6b1c525b|event: StepInfo|metrics: {}, properties: {"blockType":"Microsoft.DPrep.WritePreppyBlock","id":"8"}|
2021-04-20 04:56:49.5869|DEBUG|Telemetry|11162be4-2d1f-4508-8245-b99e6b1c525b|event: DataSourceGetFiles|metrics: {"size":543684.0}, properties: {"datasourcePath":"D+XkX/cTW59VfiobND376guXEgHjypvWBmZum53aqdM="}|
2021-04-20 04:56:49.5907|DEBUG|Telemetry|11162be4-2d1f-4508-8245-b99e6b1c525b|event: StepInfo|metrics: {}, properties: {"blockType":"Microsoft.DPrep.GetFilesBlock","id":"0"}|
2021-04-20 04:56:49.5907|DEBUG|Telemetry|11162be4-2d1f-4508-8245-b99e6b1c525b|event: StepInfo|metrics: {}, properties: {"blockType":"Microsoft.DPrep.ReadPreppyBlock","id":"1"}|
2021-04-20 04:56:49.5907|DEBUG|Telemetry|11162be4-2d1f-4508-8245-b99e6b1c525b|event: StepInfo|metrics: {}, properties: {"blockType":"Microsoft.DPrep.ExpressionFilterBlock","id":"2"}|
2021-04-20 04:56:49.5907|DEBUG|Telemetry|11162be4-2d1f-4508-8245-b99e6b1c525b|event: StepInfo|metrics: {}, properties: {"blockType":"Microsoft.DPrep.ExpressionAddColumnBlock","id":"3"}|
2021-04-20 04:56:49.5907|DEBUG|Telemetry|11162be4-2d1f-4508-8245-b99e6b1c525b|event: StepInfo|metrics: {}, properties: {"blockType":"Microsoft.DPrep.ExpressionAddColumnBlock","id":"4"}|
2021-04-20 04:56:49.5907|DEBUG|Telemetry|11162be4-2d1f-4508-8245-b99e6b1c525b|event: StepInfo|metrics: {}, properties: {"blockType":"Microsoft.DPrep.ExpressionAddColumnBlock","id":"5"}|
2021-04-20 04:56:49.5907|DEBUG|Telemetry|11162be4-2d1f-4508-8245-b99e6b1c525b|event: StepInfo|metrics: {}, properties: {"blockType":"Microsoft.DPrep.SummarizeBlock","id":"6"}|
2021-04-20 04:56:49.5907|DEBUG|Telemetry|11162be4-2d1f-4508-8245-b99e6b1c525b|event: StepInfo|metrics: {}, properties: {"blockType":"Microsoft.DPrep.SummarizeBlock","id":"7"}|
2021-04-20 04:56:49.5907|DEBUG|Telemetry|11162be4-2d1f-4508-8245-b99e6b1c525b|event: StepInfo|metrics: {}, properties: {"blockType":"Microsoft.DPrep.WritePreppyBlock","id":"8"}|
2021-04-20 04:56:49.5942|DEBUG|Telemetry|11162be4-2d1f-4508-8245-b99e6b1c525b|event: DataSourceGetFiles|metrics: {"size":543684.0}, properties: {"datasourcePath":"D+XkX/cTW59VfiobND376guXEgHjypvWBmZum53aqdM="}|
2021-04-20 04:56:49.5942|DEBUG|Telemetry|11162be4-2d1f-4508-8245-b99e6b1c525b|event: DataSourceGetFiles|metrics: {"size":543684.0}, properties: {"datasourcePath":"D+XkX/cTW59VfiobND376guXEgHjypvWBmZum53aqdM="}|
2021-04-20 04:56:49.6022|DEBUG|Telemetry|11162be4-2d1f-4508-8245-b99e6b1c525b|event: DataSourceGetFiles|metrics: {"size":543684.0}, properties: {"datasourcePath":"D+XkX/cTW59VfiobND376guXEgHjypvWBmZum53aqdM="}|
2021-04-20 04:56:49.6022|DEBUG|Telemetry|11162be4-2d1f-4508-8245-b99e6b1c525b|event: DataSourceGetFiles|metrics: {"size":543684.0}, properties: {"datasourcePath":"D+XkX/cTW59VfiobND376guXEgHjypvWBmZum53aqdM="}|
2021-04-20 04:56:49.6143|DEBUG|Telemetry|11162be4-2d1f-4508-8245-b99e6b1c525b|event: DataSourceGetFiles|metrics: {"size":543684.0}, properties: {"datasourcePath":"D+XkX/cTW59VfiobND376guXEgHjypvWBmZum53aqdM="}|
2021-04-20 04:56:51.9371|DEBUG|Telemetry|11162be4-2d1f-4508-8245-b99e6b1c525b|event: FileDownloadedToLocal|metrics: {"duration":110.0,"size":14151.0,"chunksCount":1.0,"parallelismDegree":1.0,"rate":128.0,"ratePerThread":128.0}, properties: {"actionName":"DownloadSynchronously"}|
2021-04-20 04:56:51.9381|DEBUG|Telemetry|11162be4-2d1f-4508-8245-b99e6b1c525b|event: MemoryChunksPoolDisposed|metrics: {"chunksCount":0.0,"chunkSize":1048576.0}, properties: {}|
2021-04-20 04:56:51.9755|DEBUG|Telemetry|11162be4-2d1f-4508-8245-b99e6b1c525b|event: FileDownloadedToLocal|metrics: {"duration":9.0,"size":24466.0,"chunksCount":1.0,"parallelismDegree":1.0,"rate":2718.0,"ratePerThread":2718.0}, properties: {"actionName":"DownloadSynchronously"}|
2021-04-20 04:56:51.9755|DEBUG|Telemetry|11162be4-2d1f-4508-8245-b99e6b1c525b|event: MemoryChunksPoolDisposed|metrics: {"chunksCount":0.0,"chunkSize":1048576.0}, properties: {}|
2021-04-20 04:56:52.0104|DEBUG|Telemetry|11162be4-2d1f-4508-8245-b99e6b1c525b|event: FileDownloadedToLocal|metrics: {"duration":10.0,"size":9808.0,"chunksCount":1.0,"parallelismDegree":1.0,"rate":980.0,"ratePerThread":980.0}, properties: {"actionName":"DownloadSynchronously"}|
2021-04-20 04:56:52.0104|DEBUG|Telemetry|11162be4-2d1f-4508-8245-b99e6b1c525b|event: MemoryChunksPoolDisposed|metrics: {"chunksCount":0.0,"chunkSize":1048576.0}, properties: {}|
2021-04-20 04:56:52.0457|DEBUG|Telemetry|11162be4-2d1f-4508-8245-b99e6b1c525b|event: FileDownloadedToLocal|metrics: {"duration":9.0,"size":13994.0,"chunksCount":1.0,"parallelismDegree":1.0,"rate":1554.0,"ratePerThread":1554.0}, properties: {"actionName":"DownloadSynchronously"}|
2021-04-20 04:56:52.0457|DEBUG|Telemetry|11162be4-2d1f-4508-8245-b99e6b1c525b|event: MemoryChunksPoolDisposed|metrics: {"chunksCount":0.0,"chunkSize":1048576.0}, properties: {}|
2021-04-20 04:56:52.0729|DEBUG|Telemetry|11162be4-2d1f-4508-8245-b99e6b1c525b|event: FileDownloadedToLocal|metrics: {"duration":11.0,"size":12758.0,"chunksCount":1.0,"parallelismDegree":1.0,"rate":1159.0,"ratePerThread":1159.0}, properties: {"actionName":"DownloadSynchronously"}|
2021-04-20 04:56:52.0729|DEBUG|Telemetry|11162be4-2d1f-4508-8245-b99e6b1c525b|event: MemoryChunksPoolDisposed|metrics: {"chunksCount":0.0,"chunkSize":1048576.0}, properties: {}|
2021-04-20 04:56:52.1421|DEBUG|Telemetry|11162be4-2d1f-4508-8245-b99e6b1c525b|event: FileDownloadedToLocal|metrics: {"duration":13.0,"size":49264.0,"chunksCount":1.0,"parallelismDegree":1.0,"rate":3789.0,"ratePerThread":3789.0}, properties: {"actionName":"DownloadSynchronously"}|
2021-04-20 04:56:52.1421|DEBUG|Telemetry|11162be4-2d1f-4508-8245-b99e6b1c525b|event: MemoryChunksPoolDisposed|metrics: {"chunksCount":0.0,"chunkSize":1048576.0}, properties: {}|
2021-04-20 04:57:16.7689|DEBUG|Telemetry|11162be4-2d1f-4508-8245-b99e6b1c525b|event: FileDownloadedToLocal|metrics: {"duration":14.0,"size":9689.0,"chunksCount":1.0,"parallelismDegree":1.0,"rate":692.0,"ratePerThread":692.0}, properties: {"actionName":"DownloadSynchronously"}|
2021-04-20 04:57:16.7689|DEBUG|Telemetry|11162be4-2d1f-4508-8245-b99e6b1c525b|event: MemoryChunksPoolDisposed|metrics: {"chunksCount":0.0,"chunkSize":1048576.0}, properties: {}|
2021-04-20 04:57:16.7969|DEBUG|Telemetry|11162be4-2d1f-4508-8245-b99e6b1c525b|event: FileDownloadedToLocal|metrics: {"duration":12.0,"size":15128.0,"chunksCount":1.0,"parallelismDegree":1.0,"rate":1260.0,"ratePerThread":1260.0}, properties: {"actionName":"DownloadSynchronously"}|
2021-04-20 04:57:16.7969|DEBUG|Telemetry|11162be4-2d1f-4508-8245-b99e6b1c525b|event: MemoryChunksPoolDisposed|metrics: {"chunksCount":0.0,"chunkSize":1048576.0}, properties: {}|
2021-04-20 04:57:16.8885|DEBUG|Telemetry|11162be4-2d1f-4508-8245-b99e6b1c525b|event: FileDownloadedToLocal|metrics: {"duration":76.0,"size":12682.0,"chunksCount":1.0,"parallelismDegree":1.0,"rate":166.0,"ratePerThread":166.0}, properties: {"actionName":"DownloadSynchronously"}|
2021-04-20 04:57:16.8885|DEBUG|Telemetry|11162be4-2d1f-4508-8245-b99e6b1c525b|event: MemoryChunksPoolDisposed|metrics: {"chunksCount":0.0,"chunkSize":1048576.0}, properties: {}|
2021-04-20 04:57:16.9622|DEBUG|Telemetry|11162be4-2d1f-4508-8245-b99e6b1c525b|event: FileDownloadedToLocal|metrics: {"duration":29.0,"size":24750.0,"chunksCount":1.0,"parallelismDegree":1.0,"rate":853.0,"ratePerThread":853.0}, properties: {"actionName":"DownloadSynchronously"}|
2021-04-20 04:57:16.9622|DEBUG|Telemetry|11162be4-2d1f-4508-8245-b99e6b1c525b|event: MemoryChunksPoolDisposed|metrics: {"chunksCount":0.0,"chunkSize":1048576.0}, properties: {}|
2021-04-20 04:57:16.9958|DEBUG|Telemetry|11162be4-2d1f-4508-8245-b99e6b1c525b|event: FileDownloadedToLocal|metrics: {"duration":8.0,"size":21767.0,"chunksCount":1.0,"parallelismDegree":1.0,"rate":2720.0,"ratePerThread":2720.0}, properties: {"actionName":"DownloadSynchronously"}|
2021-04-20 04:57:16.9958|DEBUG|Telemetry|11162be4-2d1f-4508-8245-b99e6b1c525b|event: MemoryChunksPoolDisposed|metrics: {"chunksCount":0.0,"chunkSize":1048576.0}, properties: {}|
2021-04-20 04:57:17.2224|DEBUG|Telemetry|11162be4-2d1f-4508-8245-b99e6b1c525b|event: FileDownloadedToLocal|metrics: {"duration":13.0,"size":13389.0,"chunksCount":1.0,"parallelismDegree":1.0,"rate":1029.0,"ratePerThread":1029.0}, properties: {"actionName":"DownloadSynchronously"}|
2021-04-20 04:57:17.2224|DEBUG|Telemetry|11162be4-2d1f-4508-8245-b99e6b1c525b|event: MemoryChunksPoolDisposed|metrics: {"chunksCount":0.0,"chunkSize":1048576.0}, properties: {}|
