Enter __enter__ of DatasetContextManager
SDK version: azureml-core==1.25.0 azureml-dataprep==2.13.2. Session id: 14c5ec2e-b44a-49f1-95c4-91fd281f436f. Run id: recycling_1618894172_db9617d5.
Processing 'input__b4a89d1c'.
Processing dataset FileDataset
{
  "source": [
    "('workspaceblobstore', 'data')"
  ],
  "definition": [
    "GetDatastoreFiles"
  ],
  "registration": {
    "id": "4bf8e314-28ee-46a2-a457-f0ad8a8b7771",
    "name": "waste_images",
    "version": 1,
    "description": "Waste images divided into train/validation/split for classification",
    "workspace": "Workspace.create(name='azure_trash_demo', subscription_id='6b443b21-01ef-4f24-91c6-70c888c1cb50', resource_group='azure_trash_demo')"
  }
}
Mounting input__b4a89d1c to /mnt/hostfs/mnt/batch/tasks/shared/LS_root/jobs/azure_trash_demo/azureml/recycling_1618894172_db9617d5/wd/tmp04gl2vaa.
Mounted input__b4a89d1c to /mnt/hostfs/mnt/batch/tasks/shared/LS_root/jobs/azure_trash_demo/azureml/recycling_1618894172_db9617d5/wd/tmp04gl2vaa as folder.
Exit __enter__ of DatasetContextManager
Set Dataset input__b4a89d1c's target path to /mnt/batch/tasks/shared/LS_root/jobs/azure_trash_demo/azureml/recycling_1618894172_db9617d5/wd/tmp04gl2vaa
[2021-04-20T04:54:27.150357] INFO azureml.sidecar.task.enter_contexts: Entered Context Managers
